{"/data/nodejs/sattan-nodejs/supertest_demo/main.js":{"path":"/data/nodejs/sattan-nodejs/supertest_demo/main.js","s":{"1":1,"2":1,"3":1,"4":1,"5":2,"6":1,"7":1,"8":1,"9":1,"10":2,"11":2,"12":2,"13":1,"14":1,"15":1,"16":1},"b":{"1":[1,1],"2":[2,2]},"f":{"1":2,"2":2,"3":1},"fnMap":{"1":{"name":"square","line":5,"loc":{"start":{"line":5,"column":0},"end":{"line":5,"column":19}}},"2":{"name":"(anonymous_2)","line":13,"loc":{"start":{"line":13,"column":19},"end":{"line":13,"column":38}}},"3":{"name":"(anonymous_3)","line":24,"loc":{"start":{"line":24,"column":17},"end":{"line":24,"column":28}}}},"statementMap":{"1":{"start":{"line":1,"column":0},"end":{"line":1,"column":31}},"2":{"start":{"line":2,"column":0},"end":{"line":2,"column":33}},"3":{"start":{"line":4,"column":0},"end":{"line":4,"column":42}},"4":{"start":{"line":5,"column":0},"end":{"line":10,"column":1}},"5":{"start":{"line":6,"column":2},"end":{"line":8,"column":3}},"6":{"start":{"line":7,"column":4},"end":{"line":7,"column":48}},"7":{"start":{"line":9,"column":2},"end":{"line":9,"column":24}},"8":{"start":{"line":12,"column":0},"end":{"line":12,"column":20}},"9":{"start":{"line":13,"column":0},"end":{"line":20,"column":3}},"10":{"start":{"line":14,"column":2},"end":{"line":14,"column":30}},"11":{"start":{"line":15,"column":2},"end":{"line":19,"column":3}},"12":{"start":{"line":16,"column":4},"end":{"line":16,"column":32}},"13":{"start":{"line":18,"column":4},"end":{"line":18,"column":36}},"14":{"start":{"line":22,"column":0},"end":{"line":22,"column":21}},"15":{"start":{"line":24,"column":0},"end":{"line":26,"column":3}},"16":{"start":{"line":25,"column":2},"end":{"line":25,"column":36}}},"branchMap":{"1":{"line":6,"type":"if","locations":[{"start":{"line":6,"column":2},"end":{"line":6,"column":2}},{"start":{"line":6,"column":2},"end":{"line":6,"column":2}}]},"2":{"line":6,"type":"binary-expr","locations":[{"start":{"line":6,"column":6},"end":{"line":6,"column":27}},{"start":{"line":6,"column":31},"end":{"line":6,"column":39}}]}}}}